# JRE version: Java(TM) SE Runtime Environment (7.0_80-b05) (build 1.7.0_80-ea-b05)
# Java VM: Java HotSpot(TM) Client VM (24.80-b07 mixed mode, sharing windows-x86 )
Heap
 def new generation   total 4928K, used 776K [0x23600000, 0x23b50000, 0x28b50000)
  eden space 4416K,   5% used [0x23600000, 0x236423d0, 0x23a50000)
  from space 512K,  99% used [0x23a50000, 0x23acfff8, 0x23ad0000)
  to   space 512K,   0% used [0x23ad0000, 0x23ad0000, 0x23b50000)
 tenured generation   total 10944K, used 1114K [0x28b50000, 0x29600000, 0x33600000)
   the space 10944K,  10% used [0x28b50000, 0x28c669d8, 0x28c66a00, 0x29600000)
 compacting perm gen  total 12288K, used 1455K [0x33600000, 0x34200000, 0x37600000)
   the space 12288K,  11% used [0x33600000, 0x3376bed0, 0x3376c000, 0x34200000)
    ro space 10240K,  44% used [0x37600000, 0x37a7d3d0, 0x37a7d400, 0x38000000)
    rw space 12288K,  52% used [0x38000000, 0x386499e0, 0x38649a00, 0x38c00000)
GC Heap History (4 events):
Event: 0.595 GC heap before
{Heap before GC invocations=0 (full 0):
 def new generation   total 4928K, used 4416K [0x23600000, 0x23b50000, 0x28b50000)
  eden space 4416K, 100% used [0x23600000, 0x23a50000, 0x23a50000)
  from space 512K,   0% used [0x23a50000, 0x23a50000, 0x23ad0000)
  to   space 512K,   0% used [0x23ad0000, 0x23ad0000, 0x23b50000)
 tenured generation   total 10944K, used 0K [0x28b50000, 0x29600000, 0x33600000)
   the space 10944K,   0% used [0x28b50000, 0x28b50000, 0x28b50200, 0x29600000)
 compacting perm gen  total 12288K, used 797K [0x33600000, 0x34200000, 0x37600000)
   the space 12288K,   6% used [0x33600000, 0x336c77a8, 0x336c7800, 0x34200000)
    ro space 10240K,  44% used [0x37600000, 0x37a7d3d0, 0x37a7d400, 0x38000000)
    rw space 12288K,  52% used [0x38000000, 0x386499e0, 0x38649a00, 0x38c00000)
Event: 0.598 GC heap after
Heap after GC invocations=1 (full 0):
 def new generation   total 4928K, used 512K [0x23600000, 0x23b50000, 0x28b50000)
  eden space 4416K,   0% used [0x23600000, 0x23600000, 0x23a50000)
  from space 512K, 100% used [0x23ad0000, 0x23b50000, 0x23b50000)
  to   space 512K,   0% used [0x23a50000, 0x23a50000, 0x23ad0000)
 tenured generation   total 10944K, used 436K [0x28b50000, 0x29600000, 0x33600000)
   the space 10944K,   3% used [0x28b50000, 0x28bbd3e0, 0x28bbd400, 0x29600000)
 compacting perm gen  total 12288K, used 797K [0x33600000, 0x34200000, 0x37600000)
   the space 12288K,   6% used [0x33600000, 0x336c77a8, 0x336c7800, 0x34200000)
    ro space 10240K,  44% used [0x37600000, 0x37a7d3d0, 0x37a7d400, 0x38000000)
    rw space 12288K,  52% used [0x38000000, 0x386499e0, 0x38649a00, 0x38c00000)
}
Event: 0.695 GC heap before
{Heap before GC invocations=1 (full 0):
 def new generation   total 4928K, used 4928K [0x23600000, 0x23b50000, 0x28b50000)
  eden space 4416K, 100% used [0x23600000, 0x23a50000, 0x23a50000)
  from space 512K, 100% used [0x23ad0000, 0x23b50000, 0x23b50000)
  to   space 512K,   0% used [0x23a50000, 0x23a50000, 0x23ad0000)
 tenured generation   total 10944K, used 436K [0x28b50000, 0x29600000, 0x33600000)
   the space 10944K,   3% used [0x28b50000, 0x28bbd3e0, 0x28bbd400, 0x29600000)
 compacting perm gen  total 12288K, used 1369K [0x33600000, 0x34200000, 0x37600000)
   the space 12288K,  11% used [0x33600000, 0x337564f8, 0x33756600, 0x34200000)
    ro space 10240K,  44% used [0x37600000, 0x37a7d3d0, 0x37a7d400, 0x38000000)
    rw space 12288K,  52% used [0x38000000, 0x386499e0, 0x38649a00, 0x38c00000)
Event: 0.699 GC heap after
Heap after GC invocations=2 (full 0):
 def new generation   total 4928K, used 511K [0x23600000, 0x23b50000, 0x28b50000)
  eden space 4416K,   0% used [0x23600000, 0x23600000, 0x23a50000)
  from space 512K,  99% used [0x23a50000, 0x23acfff8, 0x23ad0000)
  to   space 512K,   0% used [0x23ad0000, 0x23ad0000, 0x23b50000)
 tenured generation   total 10944K, used 1114K [0x28b50000, 0x29600000, 0x33600000)
   the space 10944K,  10% used [0x28b50000, 0x28c669d8, 0x28c66a00, 0x29600000)
 compacting perm gen  total 12288K, used 1369K [0x33600000, 0x34200000, 0x37600000)
   the space 12288K,  11% used [0x33600000, 0x337564f8, 0x33756600, 0x34200000)
    ro space 10240K,  44% used [0x37600000, 0x37a7d3d0, 0x37a7d400, 0x38000000)
    rw space 12288K,  52% used [0x38000000, 0x386499e0, 0x38649a00, 0x38c00000)
}

