# JRE version: Java(TM) SE Runtime Environment (7.0_80-b05) (build 1.7.0_80-ea-b05)
# Java VM: Java HotSpot(TM) Client VM (24.80-b07 mixed mode, sharing windows-x86 )
Heap
 def new generation   total 4928K, used 2902K [0x23600000, 0x23b50000, 0x28b50000)
  eden space 4416K,  54% used [0x23600000, 0x23855a98, 0x23a50000)
  from space 512K,  99% used [0x23ad0000, 0x23b4fff8, 0x23b50000)
  to   space 512K,   0% used [0x23a50000, 0x23a50000, 0x23ad0000)
 tenured generation   total 10944K, used 3099K [0x28b50000, 0x29600000, 0x33600000)
   the space 10944K,  28% used [0x28b50000, 0x28e56da8, 0x28e56e00, 0x29600000)
 compacting perm gen  total 12288K, used 3535K [0x33600000, 0x34200000, 0x37600000)
   the space 12288K,  28% used [0x33600000, 0x33973d98, 0x33973e00, 0x34200000)
    ro space 10240K,  44% used [0x37600000, 0x37a7d3d0, 0x37a7d400, 0x38000000)
    rw space 12288K,  52% used [0x38000000, 0x386499e0, 0x38649a00, 0x38c00000)
GC Heap History (10 events):
Event: 4.382 GC heap before
{Heap before GC invocations=4 (full 0):
 def new generation   total 4928K, used 4712K [0x23600000, 0x23b50000, 0x28b50000)
  eden space 4416K, 100% used [0x23600000, 0x23a50000, 0x23a50000)
  from space 512K,  57% used [0x23a50000, 0x23a9a238, 0x23ad0000)
  to   space 512K,   0% used [0x23ad0000, 0x23ad0000, 0x23b50000)
 tenured generation   total 10944K, used 1576K [0x28b50000, 0x29600000, 0x33600000)
   the space 10944K,  14% used [0x28b50000, 0x28cda338, 0x28cda400, 0x29600000)
 compacting perm gen  total 12288K, used 2072K [0x33600000, 0x34200000, 0x37600000)
   the space 12288K,  16% used [0x33600000, 0x33806010, 0x33806200, 0x34200000)
    ro space 10240K,  44% used [0x37600000, 0x37a7d3d0, 0x37a7d400, 0x38000000)
    rw space 12288K,  52% used [0x38000000, 0x386499e0, 0x38649a00, 0x38c00000)
Event: 4.384 GC heap after
Heap after GC invocations=5 (full 0):
 def new generation   total 4928K, used 279K [0x23600000, 0x23b50000, 0x28b50000)
  eden space 4416K,   0% used [0x23600000, 0x23600000, 0x23a50000)
  from space 512K,  54% used [0x23ad0000, 0x23b15f10, 0x23b50000)
  to   space 512K,   0% used [0x23a50000, 0x23a50000, 0x23ad0000)
 tenured generation   total 10944K, used 1729K [0x28b50000, 0x29600000, 0x33600000)
   the space 10944K,  15% used [0x28b50000, 0x28d00538, 0x28d00600, 0x29600000)
 compacting perm gen  total 12288K, used 2072K [0x33600000, 0x34200000, 0x37600000)
   the space 12288K,  16% used [0x33600000, 0x33806010, 0x33806200, 0x34200000)
    ro space 10240K,  44% used [0x37600000, 0x37a7d3d0, 0x37a7d400, 0x38000000)
    rw space 12288K,  52% used [0x38000000, 0x386499e0, 0x38649a00, 0x38c00000)
}
Event: 4.553 GC heap before
{Heap before GC invocations=5 (full 0):
 def new generation   total 4928K, used 4695K [0x23600000, 0x23b50000, 0x28b50000)
  eden space 4416K, 100% used [0x23600000, 0x23a50000, 0x23a50000)
  from space 512K,  54% used [0x23ad0000, 0x23b15f10, 0x23b50000)
  to   space 512K,   0% used [0x23a50000, 0x23a50000, 0x23ad0000)
 tenured generation   total 10944K, used 1729K [0x28b50000, 0x29600000, 0x33600000)
   the space 10944K,  15% used [0x28b50000, 0x28d00538, 0x28d00600, 0x29600000)
 compacting perm gen  total 12288K, used 2230K [0x33600000, 0x34200000, 0x37600000)
   the space 12288K,  18% used [0x33600000, 0x3382dab0, 0x3382dc00, 0x34200000)
    ro space 10240K,  44% used [0x37600000, 0x37a7d3d0, 0x37a7d400, 0x38000000)
    rw space 12288K,  52% used [0x38000000, 0x386499e0, 0x38649a00, 0x38c00000)
Event: 4.555 GC heap after
Heap after GC invocations=6 (full 0):
 def new generation   total 4928K, used 475K [0x23600000, 0x23b50000, 0x28b50000)
  eden space 4416K,   0% used [0x23600000, 0x23600000, 0x23a50000)
  from space 512K,  92% used [0x23a50000, 0x23ac6e18, 0x23ad0000)
  to   space 512K,   0% used [0x23ad0000, 0x23ad0000, 0x23b50000)
 tenured generation   total 10944K, used 1824K [0x28b50000, 0x29600000, 0x33600000)
   the space 10944K,  16% used [0x28b50000, 0x28d181f8, 0x28d18200, 0x29600000)
 compacting perm gen  total 12288K, used 2230K [0x33600000, 0x34200000, 0x37600000)
   the space 12288K,  18% used [0x33600000, 0x3382dab0, 0x3382dc00, 0x34200000)
    ro space 10240K,  44% used [0x37600000, 0x37a7d3d0, 0x37a7d400, 0x38000000)
    rw space 12288K,  52% used [0x38000000, 0x386499e0, 0x38649a00, 0x38c00000)
}
Event: 4.762 GC heap before
{Heap before GC invocations=6 (full 0):
 def new generation   total 4928K, used 4891K [0x23600000, 0x23b50000, 0x28b50000)
  eden space 4416K, 100% used [0x23600000, 0x23a50000, 0x23a50000)
  from space 512K,  92% used [0x23a50000, 0x23ac6e18, 0x23ad0000)
  to   space 512K,   0% used [0x23ad0000, 0x23ad0000, 0x23b50000)
 tenured generation   total 10944K, used 1824K [0x28b50000, 0x29600000, 0x33600000)
   the space 10944K,  16% used [0x28b50000, 0x28d181f8, 0x28d18200, 0x29600000)
 compacting perm gen  total 12288K, used 2555K [0x33600000, 0x34200000, 0x37600000)
   the space 12288K,  20% used [0x33600000, 0x3387ef38, 0x3387f000, 0x34200000)
    ro space 10240K,  44% used [0x37600000, 0x37a7d3d0, 0x37a7d400, 0x38000000)
    rw space 12288K,  52% used [0x38000000, 0x386499e0, 0x38649a00, 0x38c00000)
Event: 4.766 GC heap after
Heap after GC invocations=7 (full 0):
 def new generation   total 4928K, used 511K [0x23600000, 0x23b50000, 0x28b50000)
  eden space 4416K,   0% used [0x23600000, 0x23600000, 0x23a50000)
  from space 512K,  99% used [0x23ad0000, 0x23b4fff8, 0x23b50000)
  to   space 512K,   0% used [0x23a50000, 0x23a50000, 0x23ad0000)
 tenured generation   total 10944K, used 2307K [0x28b50000, 0x29600000, 0x33600000)
   the space 10944K,  21% used [0x28b50000, 0x28d90ea8, 0x28d91000, 0x29600000)
 compacting perm gen  total 12288K, used 2555K [0x33600000, 0x34200000, 0x37600000)
   the space 12288K,  20% used [0x33600000, 0x3387ef38, 0x3387f000, 0x34200000)
    ro space 10240K,  44% used [0x37600000, 0x37a7d3d0, 0x37a7d400, 0x38000000)
    rw space 12288K,  52% used [0x38000000, 0x386499e0, 0x38649a00, 0x38c00000)
}
Event: 5.132 GC heap before
{Heap before GC invocations=7 (full 0):
 def new generation   total 4928K, used 4927K [0x23600000, 0x23b50000, 0x28b50000)
  eden space 4416K, 100% used [0x23600000, 0x23a50000, 0x23a50000)
  from space 512K,  99% used [0x23ad0000, 0x23b4fff8, 0x23b50000)
  to   space 512K,   0% used [0x23a50000, 0x23a50000, 0x23ad0000)
 tenured generation   total 10944K, used 2307K [0x28b50000, 0x29600000, 0x33600000)
   the space 10944K,  21% used [0x28b50000, 0x28d90ea8, 0x28d91000, 0x29600000)
 compacting perm gen  total 12288K, used 2893K [0x33600000, 0x34200000, 0x37600000)
   the space 12288K,  23% used [0x33600000, 0x338d3448, 0x338d3600, 0x34200000)
    ro space 10240K,  44% used [0x37600000, 0x37a7d3d0, 0x37a7d400, 0x38000000)
    rw space 12288K,  52% used [0x38000000, 0x386499e0, 0x38649a00, 0x38c00000)
Event: 5.144 GC heap after
Heap after GC invocations=8 (full 0):
 def new generation   total 4928K, used 512K [0x23600000, 0x23b50000, 0x28b50000)
  eden space 4416K,   0% used [0x23600000, 0x23600000, 0x23a50000)
  from space 512K, 100% used [0x23a50000, 0x23ad0000, 0x23ad0000)
  to   space 512K,   0% used [0x23ad0000, 0x23ad0000, 0x23b50000)
 tenured generation   total 10944K, used 2748K [0x28b50000, 0x29600000, 0x33600000)
   the space 10944K,  25% used [0x28b50000, 0x28dff030, 0x28dff200, 0x29600000)
 compacting perm gen  total 12288K, used 2893K [0x33600000, 0x34200000, 0x37600000)
   the space 12288K,  23% used [0x33600000, 0x338d3448, 0x338d3600, 0x34200000)
    ro space 10240K,  44% used [0x37600000, 0x37a7d3d0, 0x37a7d400, 0x38000000)
    rw space 12288K,  52% used [0x38000000, 0x386499e0, 0x38649a00, 0x38c00000)
}
Event: 5.772 GC heap before
{Heap before GC invocations=8 (full 0):
 def new generation   total 4928K, used 4928K [0x23600000, 0x23b50000, 0x28b50000)
  eden space 4416K, 100% used [0x23600000, 0x23a50000, 0x23a50000)
  from space 512K, 100% used [0x23a50000, 0x23ad0000, 0x23ad0000)
  to   space 512K,   0% used [0x23ad0000, 0x23ad0000, 0x23b50000)
 tenured generation   total 10944K, used 2748K [0x28b50000, 0x29600000, 0x33600000)
   the space 10944K,  25% used [0x28b50000, 0x28dff030, 0x28dff200, 0x29600000)
 compacting perm gen  total 12288K, used 3320K [0x33600000, 0x34200000, 0x37600000)
   the space 12288K,  27% used [0x33600000, 0x3393e240, 0x3393e400, 0x34200000)
    ro space 10240K,  44% used [0x37600000, 0x37a7d3d0, 0x37a7d400, 0x38000000)
    rw space 12288K,  52% used [0x38000000, 0x386499e0, 0x38649a00, 0x38c00000)
Event: 5.782 GC heap after
Heap after GC invocations=9 (full 0):
 def new generation   total 4928K, used 511K [0x23600000, 0x23b50000, 0x28b50000)
  eden space 4416K,   0% used [0x23600000, 0x23600000, 0x23a50000)
  from space 512K,  99% used [0x23ad0000, 0x23b4fff8, 0x23b50000)
  to   space 512K,   0% used [0x23a50000, 0x23a50000, 0x23ad0000)
 tenured generation   total 10944K, used 3099K [0x28b50000, 0x29600000, 0x33600000)
   the space 10944K,  28% used [0x28b50000, 0x28e56da8, 0x28e56e00, 0x29600000)
 compacting perm gen  total 12288K, used 3320K [0x33600000, 0x34200000, 0x37600000)
   the space 12288K,  27% used [0x33600000, 0x3393e240, 0x3393e400, 0x34200000)
    ro space 10240K,  44% used [0x37600000, 0x37a7d3d0, 0x37a7d400, 0x38000000)
    rw space 12288K,  52% used [0x38000000, 0x386499e0, 0x38649a00, 0x38c00000)
}

